Arguments: 
  /usr/local/bin/node /usr/local/Cellar/yarn/1.22.4/libexec/bin/yarn.js

PATH: 
  /usr/local/bin:/usr/bin:/bin:/usr/sbin:/sbin:/Library/Apple/usr/bin

Yarn version: 
  1.22.4

Node version: 
  12.16.2

Platform: 
  darwin x64

Trace: 
  SyntaxError: /Users/t_craiw/Autodesk/vanilla-sdk/webpack-library/package.json: Unexpected token } in JSON at position 335
      at JSON.parse (<anonymous>)
      at /usr/local/Cellar/yarn/1.22.4/libexec/lib/cli.js:1625:59
      at Generator.next (<anonymous>)
      at step (/usr/local/Cellar/yarn/1.22.4/libexec/lib/cli.js:310:30)
      at /usr/local/Cellar/yarn/1.22.4/libexec/lib/cli.js:321:13

npm manifest: 
  {
    "name": "webpack-library",
    "version": "1.0.0",
    "description": "",
    "main": "dist/index.js",
    "scripts": {
      "test": "echo \"Error: no test specified\" && exit 1",
      "start": "cross-env NODE_ENV=development webpack serve --config config/webpack.dev.js",
      "build:sdk": "webpack --config config/webpack.config.sdk.js",
    },
    "keywords": [],
    "author": "",
    "license": "ISC",
    "devDependencies": {
      "webpack": "^5.10.0",
      "webpack-cli": "^4.2.0",
      "@babel/core": "^7.12.1",
      "@babel/plugin-proposal-class-properties": "^7.12.1",
      "@babel/plugin-transform-react-jsx": "^7.12.7",
      "@babel/preset-env": "^7.12.1",
      "@babel/preset-react": "^7.12.7",
      "babel-loader": "^8.1.0",
      "clean-webpack-plugin": "^3.0.0",
      "copy-webpack-plugin": "^6.2.1",
      "cross-env": "^7.0.2",
      "css-loader": "^5.0.0",
      "css-minimizer-webpack-plugin": "^1.1.5",
      "html-webpack-plugin": "^5.0.0-alpha.7",
      "mini-css-extract-plugin": "^1.0.0",
      "node-sass": "^4.14.1",
      "postcss-loader": "^4.0.4",
      "postcss-preset-env": "^6.7.0",
      "sass-loader": "^10.0.3",
      "style-loader": "^2.0.0",
      "webpack-dev-server": "^3.11.0",
      "webpack-merge": "^5.2.0"
    },
    "dependencies": {
      "react": "^17.0.1",
      "react-dom": "^17.0.1"
    }
  }

yarn manifest: 
  No manifest

Lockfile: 
  No lockfile
